<?xml version="1.0" encoding="UTF-8"?>
<!-- Generated by org.testng.reporters.JUnitXMLReporter -->
<testsuite ignored="0" hostname="macbookair.lan" failures="0" tests="3" name="Default test" time="16.363" errors="0" timestamp="2025-05-02T23:02:52 IST">
  <testcase classname="rahulShettyAcademy.Tests.SubmitOrderTest" name="addProductToCartTest" time="3.219"/>
  <testcase classname="rahulShettyAcademy.Tests.SubmitOrderTest" name="submitOrder" time="3.739"/>
  <testcase classname="rahulShettyAcademy.Tests.SubmitOrderTest" name="orderHistoryTest" time="0.398"/>
</testsuite> <!-- Default test -->
