<?xml version="1.0" encoding="UTF-8"?>
<!-- Generated by org.testng.reporters.JUnitXMLReporter -->
<testsuite ignored="0" hostname="Abhilashs-MacBook-Air.local" failures="1" tests="3" name="Error Validations Test" time="11.763" errors="0" timestamp="2025-05-05T18:23:58 IST">
  <testcase classname="rahulShettyAcademy.Tests.ErrorValidationsTest" name="loginErrorValidation" time="0.363">
    <skipped/>
  </testcase> <!-- loginErrorValidation -->
  <testcase classname="rahulShettyAcademy.Tests.ErrorValidationsTest" name="loginErrorValidation" time="0.819">
    <failure type="java.lang.AssertionError" message="expected [Incorrect email or password.] but found [Incorrect email password.]">
      <![CDATA[java.lang.AssertionError: expected [Incorrect email or password.] but found [Incorrect email password.]
at rahulShettyAcademy.Tests.ErrorValidationsTest.loginErrorValidation(ErrorValidationsTest.java:35)
at java.base/java.util.ArrayList.forEach(ArrayList.java:1596)
at java.base/java.util.concurrent.FutureTask.run(FutureTask.java:317)
at java.base/java.util.concurrent.ThreadPoolExecutor.runWorker(ThreadPoolExecutor.java:1144)
at java.base/java.util.concurrent.ThreadPoolExecutor$Worker.run(ThreadPoolExecutor.java:642)
at java.base/java.lang.Thread.run(Thread.java:1583)
... Removed 21 stack frames]]>
    </failure>
  </testcase> <!-- loginErrorValidation -->
  <testcase classname="rahulShettyAcademy.Tests.ErrorValidationsTest" name="productErrorValidation" time="3.134"/>
</testsuite> <!-- Error Validations Test -->
