<?xml version="1.0" encoding="UTF-8"?>
<!-- Generated by org.testng.reporters.JUnitXMLReporter -->
<testsuite ignored="0" hostname="Abhilashs-MacBook-Air.local" failures="0" tests="6" name="Submit Order Test" time="36.897" errors="0" timestamp="2025-05-05T18:24:23 IST">
  <testcase classname="rahulShettyAcademy.Tests.SubmitOrderTest" name="submitOrder" time="3.746"/>
  <testcase classname="rahulShettyAcademy.Tests.SubmitOrderTest" name="submitOrder" time="3.742"/>
  <testcase classname="rahulShettyAcademy.Tests.SubmitOrderTest" name="addProductToCartTest" time="13.163"/>
  <testcase classname="rahulShettyAcademy.Tests.SubmitOrderTest" name="addProductToCartTest" time="3.176"/>
  <testcase classname="rahulShettyAcademy.Tests.SubmitOrderTest" name="orderHistoryTest" time="0.371"/>
  <testcase classname="rahulShettyAcademy.Tests.SubmitOrderTest" name="orderHistoryTest" time="0.375"/>
</testsuite> <!-- Submit Order Test -->
