<?xml version="1.0" encoding="UTF-8"?>
<!-- Generated by org.testng.reporters.JUnitXMLReporter -->
<testsuite ignored="0" hostname="Abhilashs-MacBook-Air.local" failures="0" tests="2" name="Error Validations Test" time="19.12" errors="0" timestamp="2025-05-06T06:24:31 IST">
  <testcase classname="rahulShettyAcademy.Tests.ErrorValidationsTest" name="loginErrorValidation" time="0.365"/>
  <testcase classname="rahulShettyAcademy.Tests.ErrorValidationsTest" name="productErrorValidation" time="13.125"/>
</testsuite> <!-- Error Validations Test -->
