<?xml version="1.0" encoding="UTF-8"?>
<!-- Generated by org.testng.reporters.JUnitXMLReporter -->
<testsuite ignored="0" hostname="Abhilashs-MacBook-Air.local" failures="0" tests="6" name="Submit Order Test" time="27.245" errors="0" timestamp="2025-05-06T06:24:39 IST">
  <testcase classname="rahulShettyAcademy.Tests.SubmitOrderTest" name="submitOrder" time="3.79"/>
  <testcase classname="rahulShettyAcademy.Tests.SubmitOrderTest" name="submitOrder" time="3.708"/>
  <testcase classname="rahulShettyAcademy.Tests.SubmitOrderTest" name="addProductToCartTest" time="3.145"/>
  <testcase classname="rahulShettyAcademy.Tests.SubmitOrderTest" name="addProductToCartTest" time="3.141"/>
  <testcase classname="rahulShettyAcademy.Tests.SubmitOrderTest" name="orderHistoryTest" time="0.36"/>
  <testcase classname="rahulShettyAcademy.Tests.SubmitOrderTest" name="orderHistoryTest" time="0.395"/>
</testsuite> <!-- Submit Order Test -->
