<?xml version="1.0" encoding="UTF-8"?>
<testng-results ignored="0" total="8" passed="8" failed="0" skipped="0">
  <reporter-output>
  </reporter-output>
  <suite started-at="2025-05-06T06:24:12 IST" name="Suite" finished-at="2025-05-06T06:24:39 IST" duration-ms="27245">
    <groups>
      <group name="ErrorHandling">
        <method signature="ErrorValidationsTest.loginErrorValidation()[pri:0, instance:rahulShettyAcademy.Tests.ErrorValidationsTest@821330f]" name="loginErrorValidation" class="rahulShettyAcademy.Tests.ErrorValidationsTest"/>
      </group> <!-- ErrorHandling -->
      <group name="Purchase">
        <method signature="SubmitOrderTest.submitOrder(java.util.HashMap)[pri:0, instance:rahulShettyAcademy.Tests.SubmitOrderTest@183ec003]" name="submitOrder" class="rahulShettyAcademy.Tests.SubmitOrderTest"/>
      </group> <!-- Purchase -->
    </groups>
    <test started-at="2025-05-06T06:24:12 IST" name="Error Validations Test" finished-at="2025-05-06T06:24:31 IST" duration-ms="19120">
      <class name="rahulShettyAcademy.Tests.ErrorValidationsTest">
        <test-method is-config="true" signature="launchApplication()[pri:0, instance:rahulShettyAcademy.Tests.ErrorValidationsTest@821330f]" started-at="2025-05-06T06:24:12 IST" name="launchApplication" finished-at="2025-05-06T06:24:16 IST" duration-ms="3899" status="PASS">
          <reporter-output>
          </reporter-output>
        </test-method> <!-- launchApplication -->
        <test-method signature="loginErrorValidation()[pri:0, instance:rahulShettyAcademy.Tests.ErrorValidationsTest@821330f]" started-at="2025-05-06T06:24:16 IST" name="loginErrorValidation" finished-at="2025-05-06T06:24:16 IST" duration-ms="365" status="PASS">
          <reporter-output>
          </reporter-output>
        </test-method> <!-- loginErrorValidation -->
        <test-method is-config="true" signature="tearDown()[pri:0, instance:rahulShettyAcademy.Tests.ErrorValidationsTest@821330f]" started-at="2025-05-06T06:24:16 IST" name="tearDown" finished-at="2025-05-06T06:24:16 IST" duration-ms="89" status="PASS">
          <reporter-output>
          </reporter-output>
        </test-method> <!-- tearDown -->
        <test-method is-config="true" signature="launchApplication()[pri:0, instance:rahulShettyAcademy.Tests.ErrorValidationsTest@821330f]" started-at="2025-05-06T06:24:16 IST" name="launchApplication" finished-at="2025-05-06T06:24:18 IST" duration-ms="1531" status="PASS">
          <reporter-output>
          </reporter-output>
        </test-method> <!-- launchApplication -->
        <test-method signature="productErrorValidation()[pri:0, instance:rahulShettyAcademy.Tests.ErrorValidationsTest@821330f]" started-at="2025-05-06T06:24:18 IST" name="productErrorValidation" finished-at="2025-05-06T06:24:31 IST" duration-ms="13125" status="PASS">
          <reporter-output>
          </reporter-output>
        </test-method> <!-- productErrorValidation -->
        <test-method is-config="true" signature="tearDown()[pri:0, instance:rahulShettyAcademy.Tests.ErrorValidationsTest@821330f]" started-at="2025-05-06T06:24:31 IST" name="tearDown" finished-at="2025-05-06T06:24:31 IST" duration-ms="93" status="PASS">
          <reporter-output>
          </reporter-output>
        </test-method> <!-- tearDown -->
      </class> <!-- rahulShettyAcademy.Tests.ErrorValidationsTest -->
    </test> <!-- Error Validations Test -->
    <test started-at="2025-05-06T06:24:12 IST" name="Submit Order Test" finished-at="2025-05-06T06:24:39 IST" duration-ms="27245">
      <class name="rahulShettyAcademy.Tests.SubmitOrderTest">
        <test-method is-config="true" signature="launchApplication()[pri:0, instance:rahulShettyAcademy.Tests.SubmitOrderTest@183ec003]" started-at="2025-05-06T06:24:12 IST" name="launchApplication" finished-at="2025-05-06T06:24:16 IST" duration-ms="3810" status="PASS">
          <reporter-output>
          </reporter-output>
        </test-method> <!-- launchApplication -->
        <test-method signature="submitOrder(java.util.HashMap)[pri:0, instance:rahulShettyAcademy.Tests.SubmitOrderTest@183ec003]" started-at="2025-05-06T06:24:16 IST" name="submitOrder" data-provider="getData" finished-at="2025-05-06T06:24:20 IST" duration-ms="3790" status="PASS">
          <params>
            <param index="0">
              <value>
                <![CDATA[{country=India, password=aZYb)(12xC, product=ZARA COAT 3, email=abhilashc24@gmail.com, confirmationMessage=Thankyou for the order.}]]>
              </value>
            </param>
          </params>
          <reporter-output>
          </reporter-output>
        </test-method> <!-- submitOrder -->
        <test-method is-config="true" signature="tearDown()[pri:0, instance:rahulShettyAcademy.Tests.SubmitOrderTest@183ec003]" started-at="2025-05-06T06:24:20 IST" name="tearDown" finished-at="2025-05-06T06:24:20 IST" duration-ms="86" status="PASS">
          <reporter-output>
          </reporter-output>
        </test-method> <!-- tearDown -->
        <test-method is-config="true" signature="launchApplication()[pri:0, instance:rahulShettyAcademy.Tests.SubmitOrderTest@183ec003]" started-at="2025-05-06T06:24:20 IST" name="launchApplication" finished-at="2025-05-06T06:24:21 IST" duration-ms="1488" status="PASS">
          <reporter-output>
          </reporter-output>
        </test-method> <!-- launchApplication -->
        <test-method signature="submitOrder(java.util.HashMap)[pri:0, instance:rahulShettyAcademy.Tests.SubmitOrderTest@183ec003]" started-at="2025-05-06T06:24:21 IST" name="submitOrder" data-provider="getData" finished-at="2025-05-06T06:24:25 IST" duration-ms="3708" status="PASS">
          <params>
            <param index="0">
              <value>
                <![CDATA[{country=India, password=aZYb)(12xC, product=ADIDAS ORIGINAL, email=abhilashc1981@hotmail.com, confirmationMessage=Thankyou for the order.}]]>
              </value>
            </param>
          </params>
          <reporter-output>
          </reporter-output>
        </test-method> <!-- submitOrder -->
        <test-method is-config="true" signature="tearDown()[pri:0, instance:rahulShettyAcademy.Tests.SubmitOrderTest@183ec003]" started-at="2025-05-06T06:24:25 IST" name="tearDown" finished-at="2025-05-06T06:24:25 IST" duration-ms="87" status="PASS">
          <reporter-output>
          </reporter-output>
        </test-method> <!-- tearDown -->
        <test-method is-config="true" signature="launchApplication()[pri:0, instance:rahulShettyAcademy.Tests.SubmitOrderTest@183ec003]" started-at="2025-05-06T06:24:25 IST" name="launchApplication" finished-at="2025-05-06T06:24:26 IST" duration-ms="1436" status="PASS">
          <reporter-output>
          </reporter-output>
        </test-method> <!-- launchApplication -->
        <test-method signature="addProductToCartTest(java.util.HashMap)[pri:0, instance:rahulShettyAcademy.Tests.SubmitOrderTest@183ec003]" started-at="2025-05-06T06:24:26 IST" name="addProductToCartTest" data-provider="getData" finished-at="2025-05-06T06:24:30 IST" duration-ms="3145" status="PASS">
          <params>
            <param index="0">
              <value>
                <![CDATA[{country=India, password=aZYb)(12xC, product=ZARA COAT 3, email=abhilashc24@gmail.com, confirmationMessage=Thankyou for the order.}]]>
              </value>
            </param>
          </params>
          <reporter-output>
          </reporter-output>
        </test-method> <!-- addProductToCartTest -->
        <test-method is-config="true" signature="tearDown()[pri:0, instance:rahulShettyAcademy.Tests.SubmitOrderTest@183ec003]" started-at="2025-05-06T06:24:30 IST" name="tearDown" finished-at="2025-05-06T06:24:30 IST" duration-ms="92" status="PASS">
          <reporter-output>
          </reporter-output>
        </test-method> <!-- tearDown -->
        <test-method is-config="true" signature="launchApplication()[pri:0, instance:rahulShettyAcademy.Tests.SubmitOrderTest@183ec003]" started-at="2025-05-06T06:24:30 IST" name="launchApplication" finished-at="2025-05-06T06:24:31 IST" duration-ms="1491" status="PASS">
          <reporter-output>
          </reporter-output>
        </test-method> <!-- launchApplication -->
        <test-method signature="addProductToCartTest(java.util.HashMap)[pri:0, instance:rahulShettyAcademy.Tests.SubmitOrderTest@183ec003]" started-at="2025-05-06T06:24:31 IST" name="addProductToCartTest" data-provider="getData" finished-at="2025-05-06T06:24:34 IST" duration-ms="3141" status="PASS">
          <params>
            <param index="0">
              <value>
                <![CDATA[{country=India, password=aZYb)(12xC, product=ADIDAS ORIGINAL, email=abhilashc1981@hotmail.com, confirmationMessage=Thankyou for the order.}]]>
              </value>
            </param>
          </params>
          <reporter-output>
          </reporter-output>
        </test-method> <!-- addProductToCartTest -->
        <test-method is-config="true" signature="tearDown()[pri:0, instance:rahulShettyAcademy.Tests.SubmitOrderTest@183ec003]" started-at="2025-05-06T06:24:34 IST" name="tearDown" finished-at="2025-05-06T06:24:34 IST" duration-ms="88" status="PASS">
          <reporter-output>
          </reporter-output>
        </test-method> <!-- tearDown -->
        <test-method is-config="true" signature="launchApplication()[pri:0, instance:rahulShettyAcademy.Tests.SubmitOrderTest@183ec003]" started-at="2025-05-06T06:24:34 IST" name="launchApplication" finished-at="2025-05-06T06:24:36 IST" duration-ms="1470" status="PASS">
          <reporter-output>
          </reporter-output>
        </test-method> <!-- launchApplication -->
        <test-method signature="orderHistoryTest(java.util.HashMap)[pri:0, instance:rahulShettyAcademy.Tests.SubmitOrderTest@183ec003]" started-at="2025-05-06T06:24:36 IST" name="orderHistoryTest" data-provider="getData" finished-at="2025-05-06T06:24:36 IST" depends-on-methods="rahulShettyAcademy.Tests.SubmitOrderTest.submitOrder" duration-ms="360" status="PASS">
          <params>
            <param index="0">
              <value>
                <![CDATA[{country=India, password=aZYb)(12xC, product=ZARA COAT 3, email=abhilashc24@gmail.com, confirmationMessage=Thankyou for the order.}]]>
              </value>
            </param>
          </params>
          <reporter-output>
          </reporter-output>
        </test-method> <!-- orderHistoryTest -->
        <test-method is-config="true" signature="tearDown()[pri:0, instance:rahulShettyAcademy.Tests.SubmitOrderTest@183ec003]" started-at="2025-05-06T06:24:36 IST" name="tearDown" finished-at="2025-05-06T06:24:36 IST" duration-ms="83" status="PASS">
          <reporter-output>
          </reporter-output>
        </test-method> <!-- tearDown -->
        <test-method is-config="true" signature="launchApplication()[pri:0, instance:rahulShettyAcademy.Tests.SubmitOrderTest@183ec003]" started-at="2025-05-06T06:24:36 IST" name="launchApplication" finished-at="2025-05-06T06:24:39 IST" duration-ms="2377" status="PASS">
          <reporter-output>
          </reporter-output>
        </test-method> <!-- launchApplication -->
        <test-method signature="orderHistoryTest(java.util.HashMap)[pri:0, instance:rahulShettyAcademy.Tests.SubmitOrderTest@183ec003]" started-at="2025-05-06T06:24:39 IST" name="orderHistoryTest" data-provider="getData" finished-at="2025-05-06T06:24:39 IST" depends-on-methods="rahulShettyAcademy.Tests.SubmitOrderTest.submitOrder" duration-ms="395" status="PASS">
          <params>
            <param index="0">
              <value>
                <![CDATA[{country=India, password=aZYb)(12xC, product=ADIDAS ORIGINAL, email=abhilashc1981@hotmail.com, confirmationMessage=Thankyou for the order.}]]>
              </value>
            </param>
          </params>
          <reporter-output>
          </reporter-output>
        </test-method> <!-- orderHistoryTest -->
        <test-method is-config="true" signature="tearDown()[pri:0, instance:rahulShettyAcademy.Tests.SubmitOrderTest@183ec003]" started-at="2025-05-06T06:24:39 IST" name="tearDown" finished-at="2025-05-06T06:24:39 IST" duration-ms="86" status="PASS">
          <reporter-output>
          </reporter-output>
        </test-method> <!-- tearDown -->
      </class> <!-- rahulShettyAcademy.Tests.SubmitOrderTest -->
    </test> <!-- Submit Order Test -->
  </suite> <!-- Suite -->
</testng-results>
